<?xml version="1.0" encoding="UTF-8"?>
<!-- Generated by org.testng.reporters.JUnitReportReporter -->
<testsuite hostname="win764bit" name="persistent.gaja1001M.AnnotationClass" tests="1" failures="0" timestamp="5 Aug 2014 09:33:40 GMT" time="0.010" errors="0">
  <testcase name="first" time="0.010" classname="persistent.gaja1001M.AnnotationClass"/>
</testsuite> <!-- persistent.gaja1001M.AnnotationClass -->
