<?xml version="1.0" encoding="UTF-8"?>
<!-- Generated by org.testng.reporters.JUnitReportReporter -->
<testsuite hostname="win764bit" name="persistent.gaja1001M.DataDrivenTest" tests="1" failures="0" timestamp="6 Aug 2014 07:26:12 GMT" time="0.305" errors="0">
  <testcase name="ExcelDriven" time="0.305" classname="persistent.gaja1001M.DataDrivenTest"/>
</testsuite> <!-- persistent.gaja1001M.DataDrivenTest -->
