<?xml version="1.0" encoding="UTF-8"?>
<!-- Generated by org.testng.reporters.JUnitReportReporter -->
<testsuite hostname="win764bit" name="persistent.gaja1001M.AnnotationClassSecond" tests="2" failures="0" timestamp="5 Aug 2014 10:06:05 GMT" time="0.014" errors="0">
  <testcase name="secondMethod" time="0.013" classname="persistent.gaja1001M.AnnotationClassSecond"/>
  <testcase name="secondMethod" time="0.001" classname="persistent.gaja1001M.AnnotationClassSecond"/>
</testsuite> <!-- persistent.gaja1001M.AnnotationClassSecond -->
